<?xml version="1.0" encoding="UTF-8"?>
<!-- Generated by org.testng.reporters.JUnitReportReporter -->
<testsuite hostname="MacBook-Pro-user-3.local" failures="0" tests="1" name="zoo.AnimalTest" time="0.009" errors="0" timestamp="2021-11-07T19:05:46 MSK" skipped="0">
  <testcase classname="zoo.AnimalTest" name="testSpeaks" time="0.009"/>
  <system-out/>
</testsuite> <!-- zoo.AnimalTest -->
